./Makefile:1: MINOR:C-G1
./app/Main.hs:14: MAJOR:H-P1 # ./app/Main.hs is not parsable
./src/Document.hs:1: MINOR:H-G1 # ./src/Document.hs has a badly formatted Epitech header
./src/FromJSON.hs:1: MINOR:H-G1 # ./src/FromJSON.hs has a badly formatted Epitech header
./src/FromJSON.hs:20: MINOR:H-F3 # too long line
./src/FromJSON.hs:37: MINOR:H-F4 # too long function
./src/FromJSON.hs:51: MINOR:H-F4 # too long function
./src/FromJSON.hs:66: MINOR:H-F4 # too long function
./src/FromJSON.hs:81: MINOR:H-F4 # too long function
./src/FromJSON.hs:101: MINOR:H-F4 # too long function
./src/FromJSON.hs:146: MINOR:H-F4 # too long function
./src/FromMD.hs:1: MINOR:H-G1 # ./src/FromMD.hs has a badly formatted Epitech header
./src/FromXML.hs:1: MINOR:H-G1 # ./src/FromXML.hs has a badly formatted Epitech header
./src/FromXML.hs:26: MINOR:H-F3 # too long line
./src/FromXML.hs:31: MINOR:H-F3 # too long line
./src/FromXML.hs:41: MINOR:H-F3 # too long line
./src/FromXML.hs:59: MINOR:H-F4 # too long function
./src/FromXML.hs:73: MINOR:H-F4 # too long function
./src/FromXML.hs:80: MINOR:H-F3 # too long line
./src/FromXML.hs:86: MINOR:H-F4 # too long function
./src/FromXML.hs:93: MINOR:H-F3 # too long line
./src/FromXML.hs:99: MINOR:H-F4 # too long function
./src/FromXML.hs:114: MINOR:H-F4 # too long function
./src/FromXML.hs:127: MINOR:H-F4 # too long function
./src/FromXML.hs:141: MINOR:H-F4 # too long function
./src/FromXML.hs:155: MINOR:H-F4 # too long function
./src/FromXML.hs:176: MINOR:H-F4 # too long function
./src/FromXML.hs:189: MINOR:H-F4 # too long function
./src/Lib.hs:1: MINOR:H-G1 # ./src/Lib.hs has a badly formatted Epitech header
./src/Parser.hs:1: MINOR:H-G1 # ./src/Parser.hs has a badly formatted Epitech header
./src/ToJSON.hs:1: MINOR:H-G1 # ./src/ToJSON.hs has a badly formatted Epitech header
./src/ToMD.hs:1: MINOR:H-G1 # ./src/ToMD.hs has a badly formatted Epitech header
./src/ToXML.hs:1: MINOR:H-G1 # ./src/ToXML.hs has a badly formatted Epitech header
